0 info it worked if it ends with ok
1 verbose cli [ '/usr/local/bin/node',
1 verbose cli   '/usr/local/bin/npm',
1 verbose cli   'run',
1 verbose cli   'watch:css' ]
2 info using npm@3.10.3
3 info using node@v6.6.0
4 verbose run-script [ 'prewatch:css', 'watch:css', 'postwatch:css' ]
5 info lifecycle bs-recipes-server@1.0.0~prewatch:css: bs-recipes-server@1.0.0
6 silly lifecycle bs-recipes-server@1.0.0~prewatch:css: no script for prewatch:css, continuing
7 info lifecycle bs-recipes-server@1.0.0~watch:css: bs-recipes-server@1.0.0
8 verbose lifecycle bs-recipes-server@1.0.0~watch:css: unsafe-perm in lifecycle true
9 verbose lifecycle bs-recipes-server@1.0.0~watch:css: PATH: /usr/local/lib/node_modules/npm/bin/node-gyp-bin:/home/derek/thinkific/util/freshdesk-dev/node_modules/.bin:/usr/local/bin:/home/derek/.rvm/gems/ruby-2.1.2/bin:/home/derek/.rvm/gems/ruby-2.1.2@global/bin:/home/derek/.rvm/rubies/ruby-2.1.2/bin:/usr/local/sbin:/usr/local/bin:/usr/sbin:/usr/bin:/sbin:/bin:/usr/games:/usr/local/games:/snap/bin:/home/derek/.rvm/bin:/home/derek/programs/bin:/home/derek/programs/jdk1.8.0_101/bin:/home/derek/programs/jdk1.8.0_101/jre/bin:/home/derek/programs/android-studio/bin:/home/derek/programs/Android/platform-tools:/home/derek/scripts
10 verbose lifecycle bs-recipes-server@1.0.0~watch:css: CWD: /home/derek/thinkific/util/freshdesk-dev
11 silly lifecycle bs-recipes-server@1.0.0~watch:css: Args: [ '-c', 'npm run build:css && npm run build:css -- -w' ]
12 silly lifecycle bs-recipes-server@1.0.0~watch:css: Returned: code: 1  signal: null
13 info lifecycle bs-recipes-server@1.0.0~watch:css: Failed to exec watch:css script
14 verbose stack Error: bs-recipes-server@1.0.0 watch:css: `npm run build:css && npm run build:css -- -w`
14 verbose stack Exit status 1
14 verbose stack     at EventEmitter.<anonymous> (/usr/local/lib/node_modules/npm/lib/utils/lifecycle.js:242:16)
14 verbose stack     at emitTwo (events.js:106:13)
14 verbose stack     at EventEmitter.emit (events.js:191:7)
14 verbose stack     at ChildProcess.<anonymous> (/usr/local/lib/node_modules/npm/lib/utils/spawn.js:40:14)
14 verbose stack     at emitTwo (events.js:106:13)
14 verbose stack     at ChildProcess.emit (events.js:191:7)
14 verbose stack     at maybeClose (internal/child_process.js:877:16)
14 verbose stack     at Process.ChildProcess._handle.onexit (internal/child_process.js:226:5)
15 verbose pkgid bs-recipes-server@1.0.0
16 verbose cwd /home/derek/thinkific/util/freshdesk-dev/lib
17 error Linux 4.4.0-45-generic
18 error argv "/usr/local/bin/node" "/usr/local/bin/npm" "run" "watch:css"
19 error node v6.6.0
20 error npm  v3.10.3
21 error code ELIFECYCLE
22 error bs-recipes-server@1.0.0 watch:css: `npm run build:css && npm run build:css -- -w`
22 error Exit status 1
23 error Failed at the bs-recipes-server@1.0.0 watch:css script 'npm run build:css && npm run build:css -- -w'.
23 error Make sure you have the latest version of node.js and npm installed.
23 error If you do, this is most likely a problem with the bs-recipes-server package,
23 error not with npm itself.
23 error Tell the author that this fails on your system:
23 error     npm run build:css && npm run build:css -- -w
23 error You can get information on how to open an issue for this project with:
23 error     npm bugs bs-recipes-server
23 error Or if that isn't available, you can get their info via:
23 error     npm owner ls bs-recipes-server
23 error There is likely additional logging output above.
24 verbose exit [ 1, true ]
